<?xml version="1.0" encoding="UTF-8"?>
<testsuite name="Bus.Reservation.System.AppTest" tests="1" skipped="0" failures="0" errors="0" timestamp="2021-08-05T05:01:10" hostname="ip-172-31-43-247.ap-south-1.compute.internal" time="0.008">
  <properties/>
  <testcase name="appHasAGreeting" classname="Bus.Reservation.System.AppTest" time="0.008"/>
  <system-out><![CDATA[]]></system-out>
  <system-err><![CDATA[]]></system-err>
</testsuite>
